<?xml version="1.0" encoding="UTF-8"?>
<!-- Generated by org.testng.reporters.JUnitReportReporter -->
<testsuite hostname="LAPTOP-VRF7QEJL" failures="0" tests="1" name="tcRepo.TC_003" time="12.100" errors="0" timestamp="2025-01-28T11:46:59 IST" skipped="0">
  <testcase classname="tcRepo.TC_003" name="leads_003" time="12.100">
    <system-out>
      <![CDATA[leads_003 Listeners test started
leads_003Listeners test passed]]>
    </system-out>
  </testcase> <!-- leads_003 -->
  <system-out>
    <![CDATA[contacts_001 Listeners test started
contacts_001Listeners test passed
leads_003 Listeners test started
leads_003Listeners test passed
leads_002 Listeners test started
leads_002Listeners test passed
contacts_002 Listeners test started
contacts_002Listeners test passed]]>
  </system-out>
</testsuite> <!-- tcRepo.TC_003 -->
