<?xml version="1.0" encoding="UTF-8"?>
<!-- Generated by org.testng.reporters.JUnitReportReporter -->
<testsuite hostname="LAPTOP-VRF7QEJL" failures="0" tests="1" name="sample.TC_001Practice" time="48.890" errors="0" timestamp="2025-01-17T12:53:04 IST" skipped="0">
  <testcase classname="sample.TC_001Practice" name="tc_001" time="48.890"/>
</testsuite> <!-- sample.TC_001Practice -->
